<?xml version="1.0" encoding="UTF-8"?>
<!-- Generated by org.testng.reporters.JUnitXMLReporter -->
<testsuite ignored="0" hostname="DESKTOP-8AIUL4Q" failures="0" tests="4" name="Default test" time="23.409" errors="0" timestamp="2023-01-10T00:18:44 EET">
  <testcase classname="final_project.myTest" name="add_coustmer" time="3.848"/>
  <testcase classname="final_project.myTest" name="coustmer_login" time="1.304"/>
  <testcase classname="final_project.myTest" name="Deposit" time="0.629"/>
  <testcase classname="final_project.myTest" name="wihthadraw" time="5.306"/>
</testsuite> <!-- Default test -->
